Sun Sep 29 2019 00:08:26 GMT+0530 (India Standard Time): GET /
Sun Sep 29 2019 00:14:42 GMT+0530 (India Standard Time): GET /
Sun Sep 29 2019 00:17:51 GMT+0530 (India Standard Time): GET /
Sun Sep 29 2019 00:30:21 GMT+0530 (India Standard Time): GET /
Sun Sep 29 2019 00:39:25 GMT+0530 (India Standard Time): GET /
29 -9-119 at 0:39, Price is ₹396
Sun Sep 29 2019 12:37:56 GMT+0530 (India Standard Time): GET /
Sun Sep 29 2019 12:37:57 GMT+0530 (India Standard Time): GET /favicon.ico
Sun Sep 29 2019 12:38:24 GMT+0530 (India Standard Time): GET /
29 -9-119 at 12:38, Price is ₹396
Sun Sep 29 2019 12:43:26 GMT+0530 (India Standard Time): GET /
Sun Sep 29 2019 12:49:14 GMT+0530 (India Standard Time): GET /
29-9-119 at 12:49, Price is ₹407
Sun Sep 29 2019 12:50:48 GMT+0530 (India Standard Time): GET /
Sun Sep 29 2019 15:28:36 GMT+0530 (India Standard Time): GET /
Sun Sep 29 2019 15:29:24 GMT+0530 (India Standard Time): GET /
Sun Sep 29 2019 15:31:19 GMT+0530 (India Standard Time): GET /
Sun Sep 29 2019 15:32:23 GMT+0530 (India Standard Time): GET /
Sun Sep 29 2019 15:32:38 GMT+0530 (India Standard Time): GET /
Sun Sep 29 2019 15:32:39 GMT+0530 (India Standard Time): GET /favicon.ico
Sun Sep 29 2019 15:33:35 GMT+0530 (India Standard Time): GET /
Sun Sep 29 2019 15:39:18 GMT+0530 (India Standard Time): GET /
Sun Sep 29 2019 15:39:26 GMT+0530 (India Standard Time): POST /pricing
Sun Sep 29 2019 15:41:54 GMT+0530 (India Standard Time): POST /pricing
Sun Sep 29 2019 15:53:14 GMT+0530 (India Standard Time): POST /pricing
Sun Sep 29 2019 15:53:58 GMT+0530 (India Standard Time): POST /pricing
29-9-119 at 15:54, Price is ₹407
Sun Sep 29 2019 16:05:13 GMT+0530 (India Standard Time): GET /
Sun Sep 29 2019 17:18:48 GMT+0530 (India Standard Time): GET /
Sun Sep 29 2019 17:18:56 GMT+0530 (India Standard Time): POST /pricing
29-9-119 at 17:19, Price is document.querySelector(".course-price-text > span + span > span").innerText
Sun Sep 29 2019 17:21:34 GMT+0530 (India Standard Time): POST /pricing
Sun Sep 29 2019 17:22:14 GMT+0530 (India Standard Time): GET /
Sun Sep 29 2019 17:22:17 GMT+0530 (India Standard Time): POST /pricing
Sun Sep 29 2019 17:55:33 GMT+0530 (India Standard Time): GET /
Sun Sep 29 2019 17:55:36 GMT+0530 (India Standard Time): POST /pricing
29-9-119 at 17:55, Price is undefined
Sun Sep 29 2019 17:56:46 GMT+0530 (India Standard Time): POST /pricing
Sun Sep 29 2019 18:06:42 GMT+0530 (India Standard Time): GET /
Sun Sep 29 2019 18:06:48 GMT+0530 (India Standard Time): POST /pricing
Sun Sep 29 2019 18:07:06 GMT+0530 (India Standard Time): GET /
Sun Sep 29 2019 18:07:09 GMT+0530 (India Standard Time): POST /pricing
Sun Sep 29 2019 18:22:40 GMT+0530 (India Standard Time): GET /
Sun Sep 29 2019 18:22:46 GMT+0530 (India Standard Time): POST /pricing
Sun Sep 29 2019 18:24:59 GMT+0530 (India Standard Time): GET /
Sun Sep 29 2019 18:25:02 GMT+0530 (India Standard Time): POST /pricing
Sun Sep 29 2019 18:26:59 GMT+0530 (India Standard Time): GET /
Sun Sep 29 2019 18:27:02 GMT+0530 (India Standard Time): POST /pricing
Sun Sep 29 2019 18:29:02 GMT+0530 (India Standard Time): POST /pricing
Sun Sep 29 2019 18:30:33 GMT+0530 (India Standard Time): POST /pricing
Sun Sep 29 2019 18:33:37 GMT+0530 (India Standard Time): GET /
Sun Sep 29 2019 18:33:44 GMT+0530 (India Standard Time): POST /pricing
Sun Sep 29 2019 18:35:45 GMT+0530 (India Standard Time): POST /pricing
Sun Sep 29 2019 18:38:04 GMT+0530 (India Standard Time): GET /
Sun Sep 29 2019 18:38:11 GMT+0530 (India Standard Time): POST /pricing
Sun Sep 29 2019 18:40:43 GMT+0530 (India Standard Time): GET /
Sun Sep 29 2019 18:40:46 GMT+0530 (India Standard Time): POST /pricing
Sun Sep 29 2019 18:42:47 GMT+0530 (India Standard Time): POST /pricing
Sun Sep 29 2019 18:45:35 GMT+0530 (India Standard Time): GET /
Sun Sep 29 2019 18:45:38 GMT+0530 (India Standard Time): POST /pricing
Sun Sep 29 2019 18:47:38 GMT+0530 (India Standard Time): POST /pricing
Sun Sep 29 2019 19:12:48 GMT+0530 (India Standard Time): GET /
Sun Sep 29 2019 19:12:57 GMT+0530 (India Standard Time): POST /pricing
Sun Sep 29 2019 19:14:13 GMT+0530 (India Standard Time): GET /
Sun Sep 29 2019 19:14:16 GMT+0530 (India Standard Time): POST /pricing
Sun Sep 29 2019 19:23:51 GMT+0530 (India Standard Time): GET /
Sun Sep 29 2019 19:23:57 GMT+0530 (India Standard Time): POST /pricing
Sun Sep 29 2019 19:24:43 GMT+0530 (India Standard Time): GET /pricing
Sun Sep 29 2019 19:24:56 GMT+0530 (India Standard Time): POST /pricing
29-9-119 at 19:25, Price is ₹396
